# JRE version: OpenJDK Runtime Environment (8.0_242-b01) (build 1.8.0_242-release-1644-b01)
# Java VM: OpenJDK 64-Bit Server VM (25.242-b01 mixed mode windows-amd64 compressed oops)
Heap:
 PSYoungGen      total 201728K, used 58745K [0x00000000d5580000, 0x00000000e3b80000, 0x0000000100000000)
  eden space 181760K, 24% used [0x00000000d5580000,0x00000000d80a5628,0x00000000e0700000)
  from space 19968K, 72% used [0x00000000e2800000,0x00000000e3638de0,0x00000000e3b80000)
  to   space 14336K, 0% used [0x00000000e0700000,0x00000000e0700000,0x00000000e1500000)
 ParOldGen       total 226304K, used 37166K [0x0000000080000000, 0x000000008dd00000, 0x00000000d5580000)
  object space 226304K, 16% used [0x0000000080000000,0x000000008244ba48,0x000000008dd00000)
 Metaspace       used 64884K, capacity 68900K, committed 69208K, reserved 1107968K
  class space    used 9051K, capacity 9755K, committed 9856K, reserved 1048576K
GC Heap History (10 events):
Event: 4.396 GC heap before
{Heap before GC invocations=9 (full 2):
 PSYoungGen      total 121856K, used 9639K [0x00000000d5580000, 0x00000000e2300000, 0x0000000100000000)
  eden space 110080K, 0% used [0x00000000d5580000,0x00000000d5580000,0x00000000dc100000)
  from space 11776K, 81% used [0x00000000dc100000,0x00000000dca69e00,0x00000000dcc80000)
  to   space 12288K, 0% used [0x00000000e1700000,0x00000000e1700000,0x00000000e2300000)
 ParOldGen       total 90624K, used 7478K [0x0000000080000000, 0x0000000085880000, 0x00000000d5580000)
  object space 90624K, 8% used [0x0000000080000000,0x000000008074dbf0,0x0000000085880000)
 Metaspace       used 34511K, capacity 35346K, committed 35416K, reserved 1079296K
  class space    used 4707K, capacity 4922K, committed 4992K, reserved 1048576K
Event: 4.432 GC heap after
Heap after GC invocations=9 (full 2):
 PSYoungGen      total 121856K, used 0K [0x00000000d5580000, 0x00000000e2300000, 0x0000000100000000)
  eden space 110080K, 0% used [0x00000000d5580000,0x00000000d5580000,0x00000000dc100000)
  from space 11776K, 0% used [0x00000000dc100000,0x00000000dc100000,0x00000000dcc80000)
  to   space 12288K, 0% used [0x00000000e1700000,0x00000000e1700000,0x00000000e2300000)
 ParOldGen       total 144384K, used 16086K [0x0000000080000000, 0x0000000088d00000, 0x00000000d5580000)
  object space 144384K, 11% used [0x0000000080000000,0x0000000080fb5848,0x0000000088d00000)
 Metaspace       used 34511K, capacity 35346K, committed 35416K, reserved 1079296K
  class space    used 4707K, capacity 4922K, committed 4992K, reserved 1048576K
}
Event: 5.407 GC heap before
{Heap before GC invocations=10 (full 2):
 PSYoungGen      total 121856K, used 109914K [0x00000000d5580000, 0x00000000e2300000, 0x0000000100000000)
  eden space 110080K, 99% used [0x00000000d5580000,0x00000000dc0d6af0,0x00000000dc100000)
  from space 11776K, 0% used [0x00000000dc100000,0x00000000dc100000,0x00000000dcc80000)
  to   space 12288K, 0% used [0x00000000e1700000,0x00000000e1700000,0x00000000e2300000)
 ParOldGen       total 144384K, used 16086K [0x0000000080000000, 0x0000000088d00000, 0x00000000d5580000)
  object space 144384K, 11% used [0x0000000080000000,0x0000000080fb5848,0x0000000088d00000)
 Metaspace       used 44130K, capacity 45586K, committed 45784K, reserved 1089536K
  class space    used 5968K, capacity 6319K, committed 6400K, reserved 1048576K
Event: 5.414 GC heap after
Heap after GC invocations=10 (full 2):
 PSYoungGen      total 168960K, used 12263K [0x00000000d5580000, 0x00000000e2300000, 0x0000000100000000)
  eden space 156672K, 0% used [0x00000000d5580000,0x00000000d5580000,0x00000000dee80000)
  from space 12288K, 99% used [0x00000000e1700000,0x00000000e22f9de0,0x00000000e2300000)
  to   space 14336K, 0% used [0x00000000e0700000,0x00000000e0700000,0x00000000e1500000)
 ParOldGen       total 144384K, used 18136K [0x0000000080000000, 0x0000000088d00000, 0x00000000d5580000)
  object space 144384K, 12% used [0x0000000080000000,0x00000000811b6218,0x0000000088d00000)
 Metaspace       used 44130K, capacity 45586K, committed 45784K, reserved 1089536K
  class space    used 5968K, capacity 6319K, committed 6400K, reserved 1048576K
}
Event: 6.655 GC heap before
{Heap before GC invocations=11 (full 2):
 PSYoungGen      total 168960K, used 168882K [0x00000000d5580000, 0x00000000e2300000, 0x0000000100000000)
  eden space 156672K, 99% used [0x00000000d5580000,0x00000000dee72e18,0x00000000dee80000)
  from space 12288K, 99% used [0x00000000e1700000,0x00000000e22f9de0,0x00000000e2300000)
  to   space 14336K, 0% used [0x00000000e0700000,0x00000000e0700000,0x00000000e1500000)
 ParOldGen       total 144384K, used 18136K [0x0000000080000000, 0x0000000088d00000, 0x00000000d5580000)
  object space 144384K, 12% used [0x0000000080000000,0x00000000811b6218,0x0000000088d00000)
 Metaspace       used 56906K, capacity 58860K, committed 58968K, reserved 1099776K
  class space    used 7814K, capacity 8263K, committed 8320K, reserved 1048576K
Event: 6.668 GC heap after
Heap after GC invocations=11 (full 2):
 PSYoungGen      total 196096K, used 14316K [0x00000000d5580000, 0x00000000e3b80000, 0x0000000100000000)
  eden space 181760K, 0% used [0x00000000d5580000,0x00000000d5580000,0x00000000e0700000)
  from space 14336K, 99% used [0x00000000e0700000,0x00000000e14fb330,0x00000000e1500000)
  to   space 19968K, 0% used [0x00000000e2800000,0x00000000e2800000,0x00000000e3b80000)
 ParOldGen       total 144384K, used 28521K [0x0000000080000000, 0x0000000088d00000, 0x00000000d5580000)
  object space 144384K, 19% used [0x0000000080000000,0x0000000081bda778,0x0000000088d00000)
 Metaspace       used 56906K, capacity 58860K, committed 58968K, reserved 1099776K
  class space    used 7814K, capacity 8263K, committed 8320K, reserved 1048576K
}
Event: 6.668 GC heap before
{Heap before GC invocations=12 (full 3):
 PSYoungGen      total 196096K, used 14316K [0x00000000d5580000, 0x00000000e3b80000, 0x0000000100000000)
  eden space 181760K, 0% used [0x00000000d5580000,0x00000000d5580000,0x00000000e0700000)
  from space 14336K, 99% used [0x00000000e0700000,0x00000000e14fb330,0x00000000e1500000)
  to   space 19968K, 0% used [0x00000000e2800000,0x00000000e2800000,0x00000000e3b80000)
 ParOldGen       total 144384K, used 28521K [0x0000000080000000, 0x0000000088d00000, 0x00000000d5580000)
  object space 144384K, 19% used [0x0000000080000000,0x0000000081bda778,0x0000000088d00000)
 Metaspace       used 56906K, capacity 58860K, committed 58968K, reserved 1099776K
  class space    used 7814K, capacity 8263K, committed 8320K, reserved 1048576K
Event: 6.826 GC heap after
Heap after GC invocations=12 (full 3):
 PSYoungGen      total 196096K, used 0K [0x00000000d5580000, 0x00000000e3b80000, 0x0000000100000000)
  eden space 181760K, 0% used [0x00000000d5580000,0x00000000d5580000,0x00000000e0700000)
  from space 14336K, 0% used [0x00000000e0700000,0x00000000e0700000,0x00000000e1500000)
  to   space 19968K, 0% used [0x00000000e2800000,0x00000000e2800000,0x00000000e3b80000)
 ParOldGen       total 226304K, used 37158K [0x0000000080000000, 0x000000008dd00000, 0x00000000d5580000)
  object space 226304K, 16% used [0x0000000080000000,0x0000000082449a48,0x000000008dd00000)
 Metaspace       used 56853K, capacity 58680K, committed 58968K, reserved 1099776K
  class space    used 7798K, capacity 8233K, committed 8320K, reserved 1048576K
}
Event: 8.043 GC heap before
{Heap before GC invocations=13 (full 3):
 PSYoungGen      total 196096K, used 181760K [0x00000000d5580000, 0x00000000e3b80000, 0x0000000100000000)
  eden space 181760K, 100% used [0x00000000d5580000,0x00000000e0700000,0x00000000e0700000)
  from space 14336K, 0% used [0x00000000e0700000,0x00000000e0700000,0x00000000e1500000)
  to   space 19968K, 0% used [0x00000000e2800000,0x00000000e2800000,0x00000000e3b80000)
 ParOldGen       total 226304K, used 37158K [0x0000000080000000, 0x000000008dd00000, 0x00000000d5580000)
  object space 226304K, 16% used [0x0000000080000000,0x0000000082449a48,0x000000008dd00000)
 Metaspace       used 63658K, capacity 67602K, committed 67672K, reserved 1107968K
  class space    used 8897K, capacity 9598K, committed 9600K, reserved 1048576K
Event: 8.054 GC heap after
Heap after GC invocations=13 (full 3):
 PSYoungGen      total 201728K, used 14563K [0x00000000d5580000, 0x00000000e3b80000, 0x0000000100000000)
  eden space 181760K, 0% used [0x00000000d5580000,0x00000000d5580000,0x00000000e0700000)
  from space 19968K, 72% used [0x00000000e2800000,0x00000000e3638de0,0x00000000e3b80000)
  to   space 14336K, 0% used [0x00000000e0700000,0x00000000e0700000,0x00000000e1500000)
 ParOldGen       total 226304K, used 37166K [0x0000000080000000, 0x000000008dd00000, 0x00000000d5580000)
  object space 226304K, 16% used [0x0000000080000000,0x000000008244ba48,0x000000008dd00000)
 Metaspace       used 63658K, capacity 67602K, committed 67672K, reserved 1107968K
  class space    used 8897K, capacity 9598K, committed 9600K, reserved 1048576K
}

