# JRE version: OpenJDK Runtime Environment (8.0_242-b01) (build 1.8.0_242-release-1644-b01)
# Java VM: OpenJDK 64-Bit Server VM (25.242-b01 mixed mode windows-amd64 compressed oops)
Heap:
 PSYoungGen      total 209408K, used 50828K [0x00000000d5580000, 0x00000000e4600000, 0x0000000100000000)
  eden space 188928K, 19% used [0x00000000d5580000,0x00000000d79cb788,0x00000000e0e00000)
  from space 20480K, 66% used [0x00000000e3200000,0x00000000e3f57b80,0x00000000e4600000)
  to   space 14336K, 0% used [0x00000000e0e00000,0x00000000e0e00000,0x00000000e1c00000)
 ParOldGen       total 218624K, used 37925K [0x0000000080000000, 0x000000008d580000, 0x00000000d5580000)
  object space 218624K, 17% used [0x0000000080000000,0x00000000825096e0,0x000000008d580000)
 Metaspace       used 64396K, capacity 68292K, committed 68568K, reserved 1107968K
  class space    used 8978K, capacity 9675K, committed 9728K, reserved 1048576K
GC Heap History (10 events):
Event: 4.221 GC heap before
{Heap before GC invocations=9 (full 2):
 PSYoungGen      total 124416K, used 9604K [0x00000000d5580000, 0x00000000e2a00000, 0x0000000100000000)
  eden space 112128K, 0% used [0x00000000d5580000,0x00000000d5580000,0x00000000dc300000)
  from space 12288K, 78% used [0x00000000dc300000,0x00000000dcc61008,0x00000000dcf00000)
  to   space 12288K, 0% used [0x00000000e1e00000,0x00000000e1e00000,0x00000000e2a00000)
 ParOldGen       total 89088K, used 7481K [0x0000000080000000, 0x0000000085700000, 0x00000000d5580000)
  object space 89088K, 8% used [0x0000000080000000,0x000000008074e4b0,0x0000000085700000)
 Metaspace       used 34512K, capacity 35346K, committed 35416K, reserved 1079296K
  class space    used 4709K, capacity 4922K, committed 4992K, reserved 1048576K
Event: 4.254 GC heap after
Heap after GC invocations=9 (full 2):
 PSYoungGen      total 124416K, used 0K [0x00000000d5580000, 0x00000000e2a00000, 0x0000000100000000)
  eden space 112128K, 0% used [0x00000000d5580000,0x00000000d5580000,0x00000000dc300000)
  from space 12288K, 0% used [0x00000000dc300000,0x00000000dc300000,0x00000000dcf00000)
  to   space 12288K, 0% used [0x00000000e1e00000,0x00000000e1e00000,0x00000000e2a00000)
 ParOldGen       total 139264K, used 16100K [0x0000000080000000, 0x0000000088800000, 0x00000000d5580000)
  object space 139264K, 11% used [0x0000000080000000,0x0000000080fb93e8,0x0000000088800000)
 Metaspace       used 34512K, capacity 35346K, committed 35416K, reserved 1079296K
  class space    used 4709K, capacity 4922K, committed 4992K, reserved 1048576K
}
Event: 5.123 GC heap before
{Heap before GC invocations=10 (full 2):
 PSYoungGen      total 124416K, used 112128K [0x00000000d5580000, 0x00000000e2a00000, 0x0000000100000000)
  eden space 112128K, 100% used [0x00000000d5580000,0x00000000dc300000,0x00000000dc300000)
  from space 12288K, 0% used [0x00000000dc300000,0x00000000dc300000,0x00000000dcf00000)
  to   space 12288K, 0% used [0x00000000e1e00000,0x00000000e1e00000,0x00000000e2a00000)
 ParOldGen       total 139264K, used 16100K [0x0000000080000000, 0x0000000088800000, 0x00000000d5580000)
  object space 139264K, 11% used [0x0000000080000000,0x0000000080fb93e8,0x0000000088800000)
 Metaspace       used 44104K, capacity 45562K, committed 45784K, reserved 1089536K
  class space    used 5970K, capacity 6315K, committed 6400K, reserved 1048576K
Event: 5.130 GC heap after
Heap after GC invocations=10 (full 2):
 PSYoungGen      total 175104K, used 12284K [0x00000000d5580000, 0x00000000e2a00000, 0x0000000100000000)
  eden space 162816K, 0% used [0x00000000d5580000,0x00000000d5580000,0x00000000df480000)
  from space 12288K, 99% used [0x00000000e1e00000,0x00000000e29ff0f0,0x00000000e2a00000)
  to   space 14336K, 0% used [0x00000000e0e00000,0x00000000e0e00000,0x00000000e1c00000)
 ParOldGen       total 139264K, used 18507K [0x0000000080000000, 0x0000000088800000, 0x00000000d5580000)
  object space 139264K, 13% used [0x0000000080000000,0x0000000081212cb8,0x0000000088800000)
 Metaspace       used 44104K, capacity 45562K, committed 45784K, reserved 1089536K
  class space    used 5970K, capacity 6315K, committed 6400K, reserved 1048576K
}
Event: 6.374 GC heap before
{Heap before GC invocations=11 (full 2):
 PSYoungGen      total 175104K, used 170291K [0x00000000d5580000, 0x00000000e2a00000, 0x0000000100000000)
  eden space 162816K, 97% used [0x00000000d5580000,0x00000000defcdb10,0x00000000df480000)
  from space 12288K, 99% used [0x00000000e1e00000,0x00000000e29ff0f0,0x00000000e2a00000)
  to   space 14336K, 0% used [0x00000000e0e00000,0x00000000e0e00000,0x00000000e1c00000)
 ParOldGen       total 139264K, used 18507K [0x0000000080000000, 0x0000000088800000, 0x00000000d5580000)
  object space 139264K, 13% used [0x0000000080000000,0x0000000081212cb8,0x0000000088800000)
 Metaspace       used 56851K, capacity 58854K, committed 58968K, reserved 1099776K
  class space    used 7769K, capacity 8208K, committed 8320K, reserved 1048576K
Event: 6.387 GC heap after
Heap after GC invocations=11 (full 2):
 PSYoungGen      total 203264K, used 14332K [0x00000000d5580000, 0x00000000e4600000, 0x0000000100000000)
  eden space 188928K, 0% used [0x00000000d5580000,0x00000000d5580000,0x00000000e0e00000)
  from space 14336K, 99% used [0x00000000e0e00000,0x00000000e1bff320,0x00000000e1c00000)
  to   space 20480K, 0% used [0x00000000e3200000,0x00000000e3200000,0x00000000e4600000)
 ParOldGen       total 139264K, used 29647K [0x0000000080000000, 0x0000000088800000, 0x00000000d5580000)
  object space 139264K, 21% used [0x0000000080000000,0x0000000081cf3df8,0x0000000088800000)
 Metaspace       used 56851K, capacity 58854K, committed 58968K, reserved 1099776K
  class space    used 7769K, capacity 8208K, committed 8320K, reserved 1048576K
}
Event: 6.387 GC heap before
{Heap before GC invocations=12 (full 3):
 PSYoungGen      total 203264K, used 14332K [0x00000000d5580000, 0x00000000e4600000, 0x0000000100000000)
  eden space 188928K, 0% used [0x00000000d5580000,0x00000000d5580000,0x00000000e0e00000)
  from space 14336K, 99% used [0x00000000e0e00000,0x00000000e1bff320,0x00000000e1c00000)
  to   space 20480K, 0% used [0x00000000e3200000,0x00000000e3200000,0x00000000e4600000)
 ParOldGen       total 139264K, used 29647K [0x0000000080000000, 0x0000000088800000, 0x00000000d5580000)
  object space 139264K, 21% used [0x0000000080000000,0x0000000081cf3df8,0x0000000088800000)
 Metaspace       used 56851K, capacity 58854K, committed 58968K, reserved 1099776K
  class space    used 7769K, capacity 8208K, committed 8320K, reserved 1048576K
Event: 6.537 GC heap after
Heap after GC invocations=12 (full 3):
 PSYoungGen      total 203264K, used 0K [0x00000000d5580000, 0x00000000e4600000, 0x0000000100000000)
  eden space 188928K, 0% used [0x00000000d5580000,0x00000000d5580000,0x00000000e0e00000)
  from space 14336K, 0% used [0x00000000e0e00000,0x00000000e0e00000,0x00000000e1c00000)
  to   space 20480K, 0% used [0x00000000e3200000,0x00000000e3200000,0x00000000e4600000)
 ParOldGen       total 218624K, used 37917K [0x0000000080000000, 0x000000008d580000, 0x00000000d5580000)
  object space 218624K, 17% used [0x0000000080000000,0x00000000825076e0,0x000000008d580000)
 Metaspace       used 56805K, capacity 58698K, committed 58968K, reserved 1099776K
  class space    used 7754K, capacity 8182K, committed 8320K, reserved 1048576K
}
Event: 7.557 GC heap before
{Heap before GC invocations=13 (full 3):
 PSYoungGen      total 203264K, used 188928K [0x00000000d5580000, 0x00000000e4600000, 0x0000000100000000)
  eden space 188928K, 100% used [0x00000000d5580000,0x00000000e0e00000,0x00000000e0e00000)
  from space 14336K, 0% used [0x00000000e0e00000,0x00000000e0e00000,0x00000000e1c00000)
  to   space 20480K, 0% used [0x00000000e3200000,0x00000000e3200000,0x00000000e4600000)
 ParOldGen       total 218624K, used 37917K [0x0000000080000000, 0x000000008d580000, 0x00000000d5580000)
  object space 218624K, 17% used [0x0000000080000000,0x00000000825076e0,0x000000008d580000)
 Metaspace       used 63751K, capacity 67498K, committed 67672K, reserved 1107968K
  class space    used 8884K, capacity 9566K, committed 9600K, reserved 1048576K
Event: 7.565 GC heap after
Heap after GC invocations=13 (full 3):
 PSYoungGen      total 209408K, used 13662K [0x00000000d5580000, 0x00000000e4600000, 0x0000000100000000)
  eden space 188928K, 0% used [0x00000000d5580000,0x00000000d5580000,0x00000000e0e00000)
  from space 20480K, 66% used [0x00000000e3200000,0x00000000e3f57b80,0x00000000e4600000)
  to   space 14336K, 0% used [0x00000000e0e00000,0x00000000e0e00000,0x00000000e1c00000)
 ParOldGen       total 218624K, used 37925K [0x0000000080000000, 0x000000008d580000, 0x00000000d5580000)
  object space 218624K, 17% used [0x0000000080000000,0x00000000825096e0,0x000000008d580000)
 Metaspace       used 63751K, capacity 67498K, committed 67672K, reserved 1107968K
  class space    used 8884K, capacity 9566K, committed 9600K, reserved 1048576K
}

